<?xml version="1.0" encoding="UTF-8"?>
<testsuite name="com.quisofka.questions.domain.usecase.getquestionbyid.GetQuestionByIdUseCaseTest" tests="2" skipped="0" failures="0" errors="0" timestamp="2023-04-25T16:44:06" hostname="DESKTOP-E056LNR" time="0.034">
  <properties/>
  <testcase name="getStudentById_NonSuccess" classname="com.quisofka.questions.domain.usecase.getquestionbyid.GetQuestionByIdUseCaseTest" time="0.025"/>
  <testcase name="getStudentById_Success" classname="com.quisofka.questions.domain.usecase.getquestionbyid.GetQuestionByIdUseCaseTest" time="0.008"/>
  <system-out><![CDATA[]]></system-out>
  <system-err><![CDATA[]]></system-err>
</testsuite>
