<?xml version="1.0" encoding="UTF-8"?>
<testsuite name="com.quisofka.questions.domain.usecase.getallquestions.GetAllQuestionsUseCaseTest" tests="2" skipped="0" failures="0" errors="0" timestamp="2023-04-25T16:44:06" hostname="DESKTOP-E056LNR" time="0.076">
  <properties/>
  <testcase name="getAllQuestions_NonSuccess" classname="com.quisofka.questions.domain.usecase.getallquestions.GetAllQuestionsUseCaseTest" time="0.072"/>
  <testcase name="getAllQuestions_Success" classname="com.quisofka.questions.domain.usecase.getallquestions.GetAllQuestionsUseCaseTest" time="0.003"/>
  <system-out><![CDATA[]]></system-out>
  <system-err><![CDATA[]]></system-err>
</testsuite>
