<?xml version="1.0" encoding="UTF-8"?>
<testsuite name="com.quisofka.questions.domain.usecase.deleteallquestions.DeleteAllQuestionsUseCaseTest" tests="1" skipped="0" failures="0" errors="0" timestamp="2023-04-25T16:44:06" hostname="DESKTOP-E056LNR" time="0.004">
  <properties/>
  <testcase name="deleteQuestions_Success" classname="com.quisofka.questions.domain.usecase.deleteallquestions.DeleteAllQuestionsUseCaseTest" time="0.004"/>
  <system-out><![CDATA[]]></system-out>
  <system-err><![CDATA[]]></system-err>
</testsuite>
