<?xml version="1.0" encoding="UTF-8"?>
<testsuite name="com.quisofka.questions.domain.usecase.getsecondelevelquestions.GetSecondLvlQuestionsUseCaseTest" tests="2" skipped="0" failures="0" errors="0" timestamp="2023-04-25T16:44:06" hostname="DESKTOP-E056LNR" time="0.003">
  <properties/>
  <testcase name="getSecondLvlQuestions_NonSuccess" classname="com.quisofka.questions.domain.usecase.getsecondelevelquestions.GetSecondLvlQuestionsUseCaseTest" time="0.001"/>
  <testcase name="getSecondLvlQuestions_Success" classname="com.quisofka.questions.domain.usecase.getsecondelevelquestions.GetSecondLvlQuestionsUseCaseTest" time="0.002"/>
  <system-out><![CDATA[]]></system-out>
  <system-err><![CDATA[]]></system-err>
</testsuite>
